# JRE version: Java(TM) SE Runtime Environment (8.0_31-b13) (build 1.8.0_31-b13)
# Java VM: Java HotSpot(TM) 64-Bit Server VM (25.31-b07 mixed mode windows-amd64 compressed oops)
Heap:
 PSYoungGen      total 161792K, used 43981K [0x00000000e0000000, 0x00000000eec00000, 0x0000000100000000)
  eden space 151040K, 25% used [0x00000000e0000000,0x00000000e252aea8,0x00000000e9380000)
  from space 10752K, 55% used [0x00000000e9380000,0x00000000e99488f0,0x00000000e9e00000)
  to   space 10240K, 0% used [0x00000000ee200000,0x00000000ee200000,0x00000000eec00000)
 ParOldGen       total 42496K, used 20641K [0x00000000a0000000, 0x00000000a2980000, 0x00000000e0000000)
  object space 42496K, 48% used [0x00000000a0000000,0x00000000a14286c8,0x00000000a2980000)
 Metaspace       used 43481K, capacity 44466K, committed 44544K, reserved 1087488K
  class space    used 5910K, capacity 6123K, committed 6144K, reserved 1048576K
GC Heap History (10 events):
Event: 110.021 GC heap before
{Heap before GC invocations=11 (full 1):
 PSYoungGen      total 100864K, used 99486K [0x00000000e0000000, 0x00000000e7f00000, 0x0000000100000000)
  eden space 92672K, 100% used [0x00000000e0000000,0x00000000e5a80000,0x00000000e5a80000)
  from space 8192K, 83% used [0x00000000e5a80000,0x00000000e6127af0,0x00000000e6280000)
  to   space 8704K, 0% used [0x00000000e7680000,0x00000000e7680000,0x00000000e7f00000)
 ParOldGen       total 28160K, used 8991K [0x00000000a0000000, 0x00000000a1b80000, 0x00000000e0000000)
  object space 28160K, 31% used [0x00000000a0000000,0x00000000a08c7e20,0x00000000a1b80000)
 Metaspace       used 32625K, capacity 33232K, committed 33664K, reserved 1079296K
  class space    used 4486K, capacity 4651K, committed 4736K, reserved 1048576K
Event: 110.077 GC heap after
Heap after GC invocations=11 (full 1):
 PSYoungGen      total 120320K, used 7697K [0x00000000e0000000, 0x00000000e8f00000, 0x0000000100000000)
  eden space 111616K, 0% used [0x00000000e0000000,0x00000000e0000000,0x00000000e6d00000)
  from space 8704K, 88% used [0x00000000e7680000,0x00000000e7e04778,0x00000000e7f00000)
  to   space 9728K, 0% used [0x00000000e6d00000,0x00000000e6d00000,0x00000000e7680000)
 ParOldGen       total 28160K, used 11219K [0x00000000a0000000, 0x00000000a1b80000, 0x00000000e0000000)
  object space 28160K, 39% used [0x00000000a0000000,0x00000000a0af4e40,0x00000000a1b80000)
 Metaspace       used 32625K, capacity 33232K, committed 33664K, reserved 1079296K
  class space    used 4486K, capacity 4651K, committed 4736K, reserved 1048576K
}
Event: 113.654 GC heap before
{Heap before GC invocations=12 (full 1):
 PSYoungGen      total 120320K, used 30863K [0x00000000e0000000, 0x00000000e8f00000, 0x0000000100000000)
  eden space 111616K, 20% used [0x00000000e0000000,0x00000000e169f570,0x00000000e6d00000)
  from space 8704K, 88% used [0x00000000e7680000,0x00000000e7e04778,0x00000000e7f00000)
  to   space 9728K, 0% used [0x00000000e6d00000,0x00000000e6d00000,0x00000000e7680000)
 ParOldGen       total 28160K, used 11219K [0x00000000a0000000, 0x00000000a1b80000, 0x00000000e0000000)
  object space 28160K, 39% used [0x00000000a0000000,0x00000000a0af4e40,0x00000000a1b80000)
 Metaspace       used 34611K, capacity 35098K, committed 35456K, reserved 1079296K
  class space    used 4739K, capacity 4882K, committed 4992K, reserved 1048576K
Event: 113.683 GC heap after
Heap after GC invocations=12 (full 1):
 PSYoungGen      total 121344K, used 3020K [0x00000000e0000000, 0x00000000ea900000, 0x0000000100000000)
  eden space 111616K, 0% used [0x00000000e0000000,0x00000000e0000000,0x00000000e6d00000)
  from space 9728K, 31% used [0x00000000e6d00000,0x00000000e6ff32a0,0x00000000e7680000)
  to   space 9728K, 0% used [0x00000000e9f80000,0x00000000e9f80000,0x00000000ea900000)
 ParOldGen       total 28160K, used 14767K [0x00000000a0000000, 0x00000000a1b80000, 0x00000000e0000000)
  object space 28160K, 52% used [0x00000000a0000000,0x00000000a0e6be98,0x00000000a1b80000)
 Metaspace       used 34611K, capacity 35098K, committed 35456K, reserved 1079296K
  class space    used 4739K, capacity 4882K, committed 4992K, reserved 1048576K
}
Event: 113.683 GC heap before
{Heap before GC invocations=13 (full 2):
 PSYoungGen      total 121344K, used 3020K [0x00000000e0000000, 0x00000000ea900000, 0x0000000100000000)
  eden space 111616K, 0% used [0x00000000e0000000,0x00000000e0000000,0x00000000e6d00000)
  from space 9728K, 31% used [0x00000000e6d00000,0x00000000e6ff32a0,0x00000000e7680000)
  to   space 9728K, 0% used [0x00000000e9f80000,0x00000000e9f80000,0x00000000ea900000)
 ParOldGen       total 28160K, used 14767K [0x00000000a0000000, 0x00000000a1b80000, 0x00000000e0000000)
  object space 28160K, 52% used [0x00000000a0000000,0x00000000a0e6be98,0x00000000a1b80000)
 Metaspace       used 34611K, capacity 35098K, committed 35456K, reserved 1079296K
  class space    used 4739K, capacity 4882K, committed 4992K, reserved 1048576K
Event: 113.941 GC heap after
Heap after GC invocations=13 (full 2):
 PSYoungGen      total 121344K, used 0K [0x00000000e0000000, 0x00000000ea900000, 0x0000000100000000)
  eden space 111616K, 0% used [0x00000000e0000000,0x00000000e0000000,0x00000000e6d00000)
  from space 9728K, 0% used [0x00000000e6d00000,0x00000000e6d00000,0x00000000e7680000)
  to   space 9728K, 0% used [0x00000000e9f80000,0x00000000e9f80000,0x00000000ea900000)
 ParOldGen       total 42496K, used 15482K [0x00000000a0000000, 0x00000000a2980000, 0x00000000e0000000)
  object space 42496K, 36% used [0x00000000a0000000,0x00000000a0f1e870,0x00000000a2980000)
 Metaspace       used 34611K, capacity 35098K, committed 35456K, reserved 1079296K
  class space    used 4739K, capacity 4882K, committed 4992K, reserved 1048576K
}
Event: 151.023 GC heap before
{Heap before GC invocations=14 (full 2):
 PSYoungGen      total 121344K, used 111616K [0x00000000e0000000, 0x00000000ea900000, 0x0000000100000000)
  eden space 111616K, 100% used [0x00000000e0000000,0x00000000e6d00000,0x00000000e6d00000)
  from space 9728K, 0% used [0x00000000e6d00000,0x00000000e6d00000,0x00000000e7680000)
  to   space 9728K, 0% used [0x00000000e9f80000,0x00000000e9f80000,0x00000000ea900000)
 ParOldGen       total 42496K, used 15482K [0x00000000a0000000, 0x00000000a2980000, 0x00000000e0000000)
  object space 42496K, 36% used [0x00000000a0000000,0x00000000a0f1e870,0x00000000a2980000)
 Metaspace       used 41337K, capacity 42060K, committed 42496K, reserved 1085440K
  class space    used 5632K, capacity 5802K, committed 5888K, reserved 1048576K
Event: 151.115 GC heap after
Heap after GC invocations=14 (full 2):
 PSYoungGen      total 155648K, used 9007K [0x00000000e0000000, 0x00000000ea880000, 0x0000000100000000)
  eden space 146432K, 0% used [0x00000000e0000000,0x00000000e0000000,0x00000000e8f00000)
  from space 9216K, 97% used [0x00000000e9f80000,0x00000000ea84bf88,0x00000000ea880000)
  to   space 10752K, 0% used [0x00000000e9380000,0x00000000e9380000,0x00000000e9e00000)
 ParOldGen       total 42496K, used 15490K [0x00000000a0000000, 0x00000000a2980000, 0x00000000e0000000)
  object space 42496K, 36% used [0x00000000a0000000,0x00000000a0f20870,0x00000000a2980000)
 Metaspace       used 41337K, capacity 42060K, committed 42496K, reserved 1085440K
  class space    used 5632K, capacity 5802K, committed 5888K, reserved 1048576K
}
Event: 163.607 GC heap before
{Heap before GC invocations=15 (full 2):
 PSYoungGen      total 155648K, used 155439K [0x00000000e0000000, 0x00000000ea880000, 0x0000000100000000)
  eden space 146432K, 100% used [0x00000000e0000000,0x00000000e8f00000,0x00000000e8f00000)
  from space 9216K, 97% used [0x00000000e9f80000,0x00000000ea84bf88,0x00000000ea880000)
  to   space 10752K, 0% used [0x00000000e9380000,0x00000000e9380000,0x00000000e9e00000)
 ParOldGen       total 42496K, used 15490K [0x00000000a0000000, 0x00000000a2980000, 0x00000000e0000000)
  object space 42496K, 36% used [0x00000000a0000000,0x00000000a0f20870,0x00000000a2980000)
 Metaspace       used 41650K, capacity 42376K, committed 42752K, reserved 1085440K
  class space    used 5647K, capacity 5812K, committed 5888K, reserved 1048576K
Event: 165.038 GC heap after
Heap after GC invocations=15 (full 2):
 PSYoungGen      total 161792K, used 5922K [0x00000000e0000000, 0x00000000eec00000, 0x0000000100000000)
  eden space 151040K, 0% used [0x00000000e0000000,0x00000000e0000000,0x00000000e9380000)
  from space 10752K, 55% used [0x00000000e9380000,0x00000000e99488f0,0x00000000e9e00000)
  to   space 10240K, 0% used [0x00000000ee200000,0x00000000ee200000,0x00000000eec00000)
 ParOldGen       total 42496K, used 20641K [0x00000000a0000000, 0x00000000a2980000, 0x00000000e0000000)
  object space 42496K, 48% used [0x00000000a0000000,0x00000000a14286c8,0x00000000a2980000)
 Metaspace       used 41650K, capacity 42376K, committed 42752K, reserved 1085440K
  class space    used 5647K, capacity 5812K, committed 5888K, reserved 1048576K
}

