# JRE version: Java(TM) SE Runtime Environment (8.0_31-b13) (build 1.8.0_31-b13)
# Java VM: Java HotSpot(TM) 64-Bit Server VM (25.31-b07 mixed mode windows-amd64 compressed oops)
Heap:
 PSYoungGen      total 254464K, used 214214K [0x00000000e0000000, 0x00000000f2380000, 0x0000000100000000)
  eden space 237568K, 83% used [0x00000000e0000000,0x00000000ec0e56b8,0x00000000ee800000)
  from space 16896K, 98% used [0x00000000f1300000,0x00000000f234c478,0x00000000f2380000)
  to   space 24064K, 0% used [0x00000000ef480000,0x00000000ef480000,0x00000000f0c00000)
 ParOldGen       total 50688K, used 41477K [0x00000000a0000000, 0x00000000a3180000, 0x00000000e0000000)
  object space 50688K, 81% used [0x00000000a0000000,0x00000000a28815f0,0x00000000a3180000)
 Metaspace       used 60931K, capacity 63148K, committed 63232K, reserved 1103872K
  class space    used 8218K, capacity 8657K, committed 8704K, reserved 1048576K
GC Heap History (10 events):
Event: 67.632 GC heap before
{Heap before GC invocations=17 (full 2):
 PSYoungGen      total 157696K, used 156935K [0x00000000e0000000, 0x00000000eac80000, 0x0000000100000000)
  eden space 144384K, 100% used [0x00000000e0000000,0x00000000e8d00000,0x00000000e8d00000)
  from space 13312K, 94% used [0x00000000e9b80000,0x00000000ea7c1c28,0x00000000ea880000)
  to   space 14848K, 0% used [0x00000000e8d00000,0x00000000e8d00000,0x00000000e9b80000)
 ParOldGen       total 50688K, used 18511K [0x00000000a0000000, 0x00000000a3180000, 0x00000000e0000000)
  object space 50688K, 36% used [0x00000000a0000000,0x00000000a1213f40,0x00000000a3180000)
 Metaspace       used 52490K, capacity 53948K, committed 54144K, reserved 1095680K
  class space    used 7145K, capacity 7446K, committed 7552K, reserved 1048576K
Event: 67.810 GC heap after
Heap after GC invocations=17 (full 2):
 PSYoungGen      total 159232K, used 14834K [0x00000000e0000000, 0x00000000edb80000, 0x0000000100000000)
  eden space 144384K, 0% used [0x00000000e0000000,0x00000000e0000000,0x00000000e8d00000)
  from space 14848K, 99% used [0x00000000e8d00000,0x00000000e9b7caa8,0x00000000e9b80000)
  to   space 20480K, 0% used [0x00000000ec780000,0x00000000ec780000,0x00000000edb80000)
 ParOldGen       total 50688K, used 26908K [0x00000000a0000000, 0x00000000a3180000, 0x00000000e0000000)
  object space 50688K, 53% used [0x00000000a0000000,0x00000000a1a47308,0x00000000a3180000)
 Metaspace       used 52490K, capacity 53948K, committed 54144K, reserved 1095680K
  class space    used 7145K, capacity 7446K, committed 7552K, reserved 1048576K
}
Event: 74.197 GC heap before
{Heap before GC invocations=18 (full 2):
 PSYoungGen      total 159232K, used 98947K [0x00000000e0000000, 0x00000000edb80000, 0x0000000100000000)
  eden space 144384K, 58% used [0x00000000e0000000,0x00000000e5224478,0x00000000e8d00000)
  from space 14848K, 99% used [0x00000000e8d00000,0x00000000e9b7caa8,0x00000000e9b80000)
  to   space 20480K, 0% used [0x00000000ec780000,0x00000000ec780000,0x00000000edb80000)
 ParOldGen       total 50688K, used 26908K [0x00000000a0000000, 0x00000000a3180000, 0x00000000e0000000)
  object space 50688K, 53% used [0x00000000a0000000,0x00000000a1a47308,0x00000000a3180000)
 Metaspace       used 54656K, capacity 56626K, committed 56960K, reserved 1097728K
  class space    used 7546K, capacity 7960K, committed 8064K, reserved 1048576K
Event: 74.437 GC heap after
Heap after GC invocations=18 (full 2):
 PSYoungGen      total 201728K, used 19471K [0x00000000e0000000, 0x00000000ee080000, 0x0000000100000000)
  eden space 181248K, 0% used [0x00000000e0000000,0x00000000e0000000,0x00000000eb100000)
  from space 20480K, 95% used [0x00000000ec780000,0x00000000eda83c08,0x00000000edb80000)
  to   space 23040K, 0% used [0x00000000eb100000,0x00000000eb100000,0x00000000ec780000)
 ParOldGen       total 50688K, used 33190K [0x00000000a0000000, 0x00000000a3180000, 0x00000000e0000000)
  object space 50688K, 65% used [0x00000000a0000000,0x00000000a20698d8,0x00000000a3180000)
 Metaspace       used 54656K, capacity 56626K, committed 56960K, reserved 1097728K
  class space    used 7546K, capacity 7960K, committed 8064K, reserved 1048576K
}
Event: 74.457 GC heap before
{Heap before GC invocations=19 (full 3):
 PSYoungGen      total 201728K, used 19471K [0x00000000e0000000, 0x00000000ee080000, 0x0000000100000000)
  eden space 181248K, 0% used [0x00000000e0000000,0x00000000e0000000,0x00000000eb100000)
  from space 20480K, 95% used [0x00000000ec780000,0x00000000eda83c08,0x00000000edb80000)
  to   space 23040K, 0% used [0x00000000eb100000,0x00000000eb100000,0x00000000ec780000)
 ParOldGen       total 50688K, used 33190K [0x00000000a0000000, 0x00000000a3180000, 0x00000000e0000000)
  object space 50688K, 65% used [0x00000000a0000000,0x00000000a20698d8,0x00000000a3180000)
 Metaspace       used 54656K, capacity 56626K, committed 56960K, reserved 1097728K
  class space    used 7546K, capacity 7960K, committed 8064K, reserved 1048576K
Event: 79.172 GC heap after
Heap after GC invocations=19 (full 3):
 PSYoungGen      total 201728K, used 0K [0x00000000e0000000, 0x00000000ee080000, 0x0000000100000000)
  eden space 181248K, 0% used [0x00000000e0000000,0x00000000e0000000,0x00000000eb100000)
  from space 20480K, 0% used [0x00000000ec780000,0x00000000ec780000,0x00000000edb80000)
  to   space 23040K, 0% used [0x00000000eb100000,0x00000000eb100000,0x00000000ec780000)
 ParOldGen       total 50688K, used 41461K [0x00000000a0000000, 0x00000000a3180000, 0x00000000e0000000)
  object space 50688K, 81% used [0x00000000a0000000,0x00000000a287d5f0,0x00000000a3180000)
 Metaspace       used 54656K, capacity 56626K, committed 56960K, reserved 1097728K
  class space    used 7546K, capacity 7960K, committed 8064K, reserved 1048576K
}
Event: 214.987 GC heap before
{Heap before GC invocations=20 (full 3):
 PSYoungGen      total 201728K, used 181248K [0x00000000e0000000, 0x00000000ee080000, 0x0000000100000000)
  eden space 181248K, 100% used [0x00000000e0000000,0x00000000eb100000,0x00000000eb100000)
  from space 20480K, 0% used [0x00000000ec780000,0x00000000ec780000,0x00000000edb80000)
  to   space 23040K, 0% used [0x00000000eb100000,0x00000000eb100000,0x00000000ec780000)
 ParOldGen       total 50688K, used 41461K [0x00000000a0000000, 0x00000000a3180000, 0x00000000e0000000)
  object space 50688K, 81% used [0x00000000a0000000,0x00000000a287d5f0,0x00000000a3180000)
 Metaspace       used 58553K, capacity 60732K, committed 60928K, reserved 1101824K
  class space    used 7960K, capacity 8433K, committed 8448K, reserved 1048576K
Event: 234.969 GC heap after
Heap after GC invocations=20 (full 3):
 PSYoungGen      total 204288K, used 12059K [0x00000000e0000000, 0x00000000f2900000, 0x0000000100000000)
  eden space 181248K, 0% used [0x00000000e0000000,0x00000000e0000000,0x00000000eb100000)
  from space 23040K, 52% used [0x00000000eb100000,0x00000000ebcc6c20,0x00000000ec780000)
  to   space 22528K, 0% used [0x00000000f1300000,0x00000000f1300000,0x00000000f2900000)
 ParOldGen       total 50688K, used 41469K [0x00000000a0000000, 0x00000000a3180000, 0x00000000e0000000)
  object space 50688K, 81% used [0x00000000a0000000,0x00000000a287f5f0,0x00000000a3180000)
 Metaspace       used 58553K, capacity 60732K, committed 60928K, reserved 1101824K
  class space    used 7960K, capacity 8433K, committed 8448K, reserved 1048576K
}
Event: 490.232 GC heap before
{Heap before GC invocations=21 (full 3):
 PSYoungGen      total 204288K, used 193307K [0x00000000e0000000, 0x00000000f2900000, 0x0000000100000000)
  eden space 181248K, 100% used [0x00000000e0000000,0x00000000eb100000,0x00000000eb100000)
  from space 23040K, 52% used [0x00000000eb100000,0x00000000ebcc6c20,0x00000000ec780000)
  to   space 22528K, 0% used [0x00000000f1300000,0x00000000f1300000,0x00000000f2900000)
 ParOldGen       total 50688K, used 41469K [0x00000000a0000000, 0x00000000a3180000, 0x00000000e0000000)
  object space 50688K, 81% used [0x00000000a0000000,0x00000000a287f5f0,0x00000000a3180000)
 Metaspace       used 60827K, capacity 63028K, committed 63232K, reserved 1103872K
  class space    used 8206K, capacity 8637K, committed 8704K, reserved 1048576K
Event: 521.297 GC heap after
Heap after GC invocations=21 (full 3):
 PSYoungGen      total 254464K, used 16689K [0x00000000e0000000, 0x00000000f2380000, 0x0000000100000000)
  eden space 237568K, 0% used [0x00000000e0000000,0x00000000e0000000,0x00000000ee800000)
  from space 16896K, 98% used [0x00000000f1300000,0x00000000f234c478,0x00000000f2380000)
  to   space 24064K, 0% used [0x00000000ef480000,0x00000000ef480000,0x00000000f0c00000)
 ParOldGen       total 50688K, used 41477K [0x00000000a0000000, 0x00000000a3180000, 0x00000000e0000000)
  object space 50688K, 81% used [0x00000000a0000000,0x00000000a28815f0,0x00000000a3180000)
 Metaspace       used 60827K, capacity 63028K, committed 63232K, reserved 1103872K
  class space    used 8206K, capacity 8637K, committed 8704K, reserved 1048576K
}

